c:\gamedev\guildhall_huffmanexercise\guildhall_huffmanexercise\debug\vc120.pdb
c:\gamedev\guildhall_huffmanexercise\guildhall_huffmanexercise\debug\vc120.idb
c:\gamedev\guildhall_huffmanexercise\guildhall_huffmanexercise\debug\main.obj
c:\gamedev\guildhall_huffmanexercise\guildhall_huffmanexercise\debug\btree.obj
c:\gamedev\guildhall_huffmanexercise\guildhall_huffmanexercise\debug\ui.obj
c:\gamedev\guildhall_huffmanexercise\guildhall_huffmanexercise\debug\huffmannode.obj
c:\gamedev\guildhall_huffmanexercise\guildhall_huffmanexercise\debug\huffmantree.obj
c:\gamedev\guildhall_huffmanexercise\debug\guildhall_huffmanexercise.ilk
c:\gamedev\guildhall_huffmanexercise\debug\guildhall_huffmanexercise.exe
c:\gamedev\guildhall_huffmanexercise\debug\guildhall_huffmanexercise.pdb
c:\gamedev\guildhall_huffmanexercise\guildhall_huffmanexercise\debug\guildhal.1283b278.tlog\cl.command.1.tlog
c:\gamedev\guildhall_huffmanexercise\guildhall_huffmanexercise\debug\guildhal.1283b278.tlog\cl.read.1.tlog
c:\gamedev\guildhall_huffmanexercise\guildhall_huffmanexercise\debug\guildhal.1283b278.tlog\cl.write.1.tlog
c:\gamedev\guildhall_huffmanexercise\guildhall_huffmanexercise\debug\guildhal.1283b278.tlog\link-cvtres.read.1.tlog
c:\gamedev\guildhall_huffmanexercise\guildhall_huffmanexercise\debug\guildhal.1283b278.tlog\link-cvtres.write.1.tlog
c:\gamedev\guildhall_huffmanexercise\guildhall_huffmanexercise\debug\guildhal.1283b278.tlog\link-rc.read.1.tlog
c:\gamedev\guildhall_huffmanexercise\guildhall_huffmanexercise\debug\guildhal.1283b278.tlog\link-rc.write.1.tlog
c:\gamedev\guildhall_huffmanexercise\guildhall_huffmanexercise\debug\guildhal.1283b278.tlog\link.16732-cvtres.read.1.tlog
c:\gamedev\guildhall_huffmanexercise\guildhall_huffmanexercise\debug\guildhal.1283b278.tlog\link.16732-cvtres.write.1.tlog
c:\gamedev\guildhall_huffmanexercise\guildhall_huffmanexercise\debug\guildhal.1283b278.tlog\link.16732-rc.read.1.tlog
c:\gamedev\guildhall_huffmanexercise\guildhall_huffmanexercise\debug\guildhal.1283b278.tlog\link.16732-rc.write.1.tlog
c:\gamedev\guildhall_huffmanexercise\guildhall_huffmanexercise\debug\guildhal.1283b278.tlog\link.16732.read.1.tlog
c:\gamedev\guildhall_huffmanexercise\guildhall_huffmanexercise\debug\guildhal.1283b278.tlog\link.16732.write.1.tlog
c:\gamedev\guildhall_huffmanexercise\guildhall_huffmanexercise\debug\guildhal.1283b278.tlog\link.command.1.tlog
c:\gamedev\guildhall_huffmanexercise\guildhall_huffmanexercise\debug\guildhal.1283b278.tlog\link.read.1.tlog
c:\gamedev\guildhall_huffmanexercise\guildhall_huffmanexercise\debug\guildhal.1283b278.tlog\link.write.1.tlog
